<?xml version="1.0" encoding="UTF-8"?>
<Site BuildName="(empty)"
	BuildStamp="20240327-0541-Experimental"
	Name="(empty)"
	Generator="ctest-3.22.1"
	CompilerName=""
	CompilerVersion=""
	OSName="Linux"
	Hostname="ttzn-ASUS-TUF-Gaming-F15-FX507VV-FX507VV"
	OSRelease="6.5.0-26-generic"
	OSVersion="#26~22.04.1-Ubuntu SMP PREEMPT_DYNAMIC Tue Mar 12 10:22:43 UTC 2"
	OSPlatform="x86_64"
	Is64Bits="1"
	VendorString="GenuineIntel"
	VendorID="Intel Corporation"
	FamilyID="6"
	ModelID="186"
	ProcessorCacheSize="24576"
	NumberOfLogicalCPU="20"
	NumberOfPhysicalCPU="14"
	TotalVirtualMemory="15258"
	TotalPhysicalMemory="15601"
	LogicalProcessorsPerPhysical="1"
	ProcessorClockFrequency="3116.11"
	>
	<Testing>
		<StartDateTime>Mar 27 13:41 CST</StartDateTime>
		<StartTestTime>1711518085</StartTestTime>
		<TestList/>
		<EndDateTime>Mar 27 13:41 CST</EndDateTime>
		<EndTestTime>1711518085</EndTestTime>
		<ElapsedMinutes>0</ElapsedMinutes>
	</Testing>
</Site>
